<?xml version="1.0" encoding="UTF-8"?>
<!-- Generated by org.testng.reporters.JUnitReportReporter -->
<testsuite skipped="0" hostname="Lenovo-PC" name="Com.crm.qa.testCases.HomePageTest" tests="5" failures="0" timestamp="12 Jun 2020 09:10:52 GMT" time="151.131" errors="0">
  <testcase name="VerifyHomePageTitle" time="28.563" classname="Com.crm.qa.testCases.HomePageTest"/>
  <testcase name="UserNameVerifyTest" time="32.215" classname="Com.crm.qa.testCases.HomePageTest"/>
  <testcase name="ClickOnFriendLinkTest" time="25.774" classname="Com.crm.qa.testCases.HomePageTest"/>
  <testcase name="HomeClickTest" time="26.597" classname="Com.crm.qa.testCases.HomePageTest"/>
  <testcase name="CreateEventTest" time="37.982" classname="Com.crm.qa.testCases.HomePageTest"/>
</testsuite> <!-- Com.crm.qa.testCases.HomePageTest -->
